TN:
SF:src\app.ts
FN:23,(anonymous_1)
FN:28,(anonymous_2)
FN:33,(anonymous_3)
FNF:3
FNH:0
FNDA:0,(anonymous_1)
FNDA:0,(anonymous_2)
FNDA:0,(anonymous_3)
DA:1,1
DA:2,1
DA:3,1
DA:4,1
DA:5,1
DA:6,1
DA:8,1
DA:10,1
DA:11,1
DA:14,1
DA:15,1
DA:16,1
DA:17,1
DA:20,1
DA:23,1
DA:24,0
DA:28,1
DA:29,0
DA:32,1
DA:33,0
DA:34,0
DA:38,1
LF:22
LH:18
BRDA:11,0,0,1
BRDA:11,0,1,0
BRDA:32,1,0,0
BRDA:32,1,1,1
BRF:4
BRH:2
end_of_record
TN:
SF:src\config\db.ts
FNF:0
FNH:0
DA:1,1
DA:3,1
DA:5,1
LF:3
LH:3
BRF:0
BRH:0
end_of_record
TN:
SF:src\controllers\auth.controller.ts
FN:6,(anonymous_1)
FNF:1
FNH:1
FNDA:3,(anonymous_1)
DA:2,1
DA:3,1
DA:5,1
DA:7,3
DA:8,3
DA:9,1
DA:10,1
DA:13,2
DA:15,2
DA:16,2
DA:17,1
DA:19,1
DA:20,1
DA:22,0
DA:28,1
LF:15
LH:14
BRDA:8,0,0,1
BRDA:8,0,1,2
BRDA:19,1,0,1
BRDA:19,1,1,0
BRF:4
BRH:3
end_of_record
TN:
SF:src\routes\auth.routes.ts
FNF:0
FNH:0
DA:1,1
DA:2,1
DA:3,1
DA:5,1
DA:7,1
DA:9,1
LF:6
LH:6
BRF:0
BRH:0
end_of_record
TN:
SF:src\routes\index.ts
FNF:0
FNH:0
DA:1,1
DA:2,1
DA:4,1
DA:6,1
DA:8,1
LF:5
LH:5
BRF:0
BRH:0
end_of_record
TN:
SF:src\services\auth.service.ts
FN:6,(anonymous_1)
FNF:1
FNH:1
FNDA:2,(anonymous_1)
DA:1,1
DA:2,1
DA:5,1
DA:7,2
DA:11,2
DA:12,1
DA:15,1
DA:17,1
DA:24,1
DA:25,1
DA:29,1
LF:11
LH:11
BRDA:11,0,0,1
BRDA:11,0,1,1
BRF:2
BRH:2
end_of_record
TN:
SF:src\validators\auth.validator.ts
FNF:0
FNH:0
DA:1,1
DA:3,1
DA:16,1
LF:3
LH:3
BRF:0
BRH:0
end_of_record
